debug.srp created srp.log for error report...
runtime exception handler called
exception is: [31;49mglobal variable is unbound - random_seed[39;49m
frame variables: {}
frame pc: -1
frame method: <callin_method>
frame class: nil

Debugger invoked.
-----------------------------------------------------
Method [32;49m<callin_method>[39;49m in class [34;49mnil[39;49m
-----------------------------------------------------
Method [32;49m<immediate command 0>[39;49m in class [34;49mnil[39;49m, char 6966 in file 
    /Users/sooyoung/serpent/p5/Music-Project-5/gen_fn.srp
 233: main()
          ^
-----------------------------------------------------
Method [32;49mmain[39;49m in class [34;49mnil[39;49m, char 6468 in file 
    /Users/sooyoung/serpent/p5/Music-Project-5/gen_fn.srp
 220:     random_seed
          ^
-----------------------------------------------------
Method [32;49m<callin_method>[39;49m in class [34;49mnil[39;49m
[31;49mglobal variable is unbound - random_seed[39;49m
1> Exiting ...
