debug.srp created srp.log for error report...
runtime exception handler called
exception is: [31;49mtype error, expected Integer[39;49m
frame variables: {}
frame pc: -1
frame method: <callin_method>
frame class: nil

Debugger invoked.
-----------------------------------------------------
Method [32;49m<callin_method>[39;49m in class [34;49mnil[39;49m
-----------------------------------------------------
Method [32;49msched_poll[39;49m in class [34;49mnil[39;49m, char 7354 in file 
    /Users/lisalo/serpent/lib/sched.srp
Frame variables: {time: 77.468, period: nil}
 169:     rtsched.poll(time)
                      ^
-----------------------------------------------------
Method [32;49mpoll[39;49m in class [34;49mScheduler[39;49m, char 12401 in file 
    /Users/lisalo/serpent/lib/sched.srp
Frame variables: {when: 77.468, event: [77.468, <obj@0x10f2b4920>, 'program', [1, nil]], target: <obj@0x10f2b4920>, message: 'program', parms: [1, nil]}
 304:             general_apply(target, message, parms)
                               ^
-----------------------------------------------------
Method [32;49mgeneral_apply[39;49m in class [34;49mnil[39;49m, char 28059 in file 
    /Users/lisalo/serpent/lib/sched.srp
Frame variables: {target: <obj@0x10f2b4920>, message: 'program', parms: [1, nil]}
 683:         sendapply(target, message, parms)
                                               ^
-----------------------------------------------------
Method [32;49mprogram[39;49m in class [34;49mMidi_out[39;49m, char 8994 in file 
    /Users/lisalo/serpent/programs/midi-io.srp
Frame variables: {chan: 1, program: nil, bank_lsb: nil, bank_msb: nil, ticks: 77468}
 206:                                       chr(program) )
                                                        ^
-----------------------------------------------------
Method [32;49m<callin_method>[39;49m in class [34;49mnil[39;49m
[31;49mtype error, expected Integer[39;49m
